TOP.5bf45983.000963a4	START
TOP.5bf45983.000963a4	user_options->separator	:
TOP.5bf45983.000963a4	user_options->encoding_from	utf-8
TOP.5bf45983.000963a4	user_options->encoding_to	utf-8
TOP.5bf45983.000963a4	user_options->outfile	output.txt
TOP.5bf45983.000963a4	user_options->rule_buf_l	:
TOP.5bf45983.000963a4	user_options->rule_buf_r	:
TOP.5bf45983.000963a4	user_options->session	hashcat
TOP.5bf45983.000963a4	user_options->limit	0
TOP.5bf45983.000963a4	user_options->skip	0
TOP.5bf45983.000963a4	user_options->attack_mode	0
TOP.5bf45983.000963a4	user_options->benchmark	0
TOP.5bf45983.000963a4	user_options->benchmark_all	0
TOP.5bf45983.000963a4	user_options->bitmap_max	24
TOP.5bf45983.000963a4	user_options->bitmap_min	16
TOP.5bf45983.000963a4	user_options->debug_mode	0
TOP.5bf45983.000963a4	user_options->example_hashes	0
TOP.5bf45983.000963a4	user_options->force	0
TOP.5bf45983.000963a4	user_options->gpu_temp_abort	90
TOP.5bf45983.000963a4	user_options->gpu_temp_disable	0
TOP.5bf45983.000963a4	user_options->hash_mode	3200
TOP.5bf45983.000963a4	user_options->hex_charset	0
TOP.5bf45983.000963a4	user_options->hex_salt	0
TOP.5bf45983.000963a4	user_options->hex_wordlist	0
TOP.5bf45983.000963a4	user_options->increment	0
TOP.5bf45983.000963a4	user_options->increment_max	256
TOP.5bf45983.000963a4	user_options->increment_min	1
TOP.5bf45983.000963a4	user_options->keep_guessing	0
TOP.5bf45983.000963a4	user_options->kernel_accel	0
TOP.5bf45983.000963a4	user_options->kernel_loops	0
TOP.5bf45983.000963a4	user_options->keyspace	0
TOP.5bf45983.000963a4	user_options->left	0
TOP.5bf45983.000963a4	user_options->logfile_disable	0
TOP.5bf45983.000963a4	user_options->loopback	0
TOP.5bf45983.000963a4	user_options->machine_readable	0
TOP.5bf45983.000963a4	user_options->markov_classic	0
TOP.5bf45983.000963a4	user_options->markov_disable	0
TOP.5bf45983.000963a4	user_options->markov_threshold	256
TOP.5bf45983.000963a4	user_options->nvidia_spin_damp	100
TOP.5bf45983.000963a4	user_options->opencl_info	0
TOP.5bf45983.000963a4	user_options->opencl_vector_width	0
TOP.5bf45983.000963a4	user_options->optimized_kernel_enable	1
TOP.5bf45983.000963a4	user_options->outfile_autohex	1
TOP.5bf45983.000963a4	user_options->outfile_check_timer	5
TOP.5bf45983.000963a4	user_options->outfile_format	3
TOP.5bf45983.000963a4	user_options->wordlist_autohex_disable	0
TOP.5bf45983.000963a4	user_options->potfile_disable	0
TOP.5bf45983.000963a4	user_options->progress_only	0
TOP.5bf45983.000963a4	user_options->quiet	0
TOP.5bf45983.000963a4	user_options->remove	0
TOP.5bf45983.000963a4	user_options->remove_timer	60
TOP.5bf45983.000963a4	user_options->restore	0
TOP.5bf45983.000963a4	user_options->restore_disable	0
TOP.5bf45983.000963a4	user_options->restore_timer	60
TOP.5bf45983.000963a4	user_options->rp_files_cnt	0
TOP.5bf45983.000963a4	user_options->rp_gen	0
TOP.5bf45983.000963a4	user_options->rp_gen_func_max	4
TOP.5bf45983.000963a4	user_options->rp_gen_func_min	1
TOP.5bf45983.000963a4	user_options->rp_gen_seed	0
TOP.5bf45983.000963a4	user_options->runtime	0
TOP.5bf45983.000963a4	user_options->scrypt_tmto	0
TOP.5bf45983.000963a4	user_options->segment_size	33554432
TOP.5bf45983.000963a4	user_options->self_test_disable	0
TOP.5bf45983.000963a4	user_options->slow_candidates	0
TOP.5bf45983.000963a4	user_options->show	0
TOP.5bf45983.000963a4	user_options->speed_only	0
TOP.5bf45983.000963a4	user_options->status	1
TOP.5bf45983.000963a4	user_options->status_timer	10
TOP.5bf45983.000963a4	user_options->stdout_flag	0
TOP.5bf45983.000963a4	user_options->usage	0
TOP.5bf45983.000963a4	user_options->username	0
TOP.5bf45983.000963a4	user_options->veracrypt_pim	0
TOP.5bf45983.000963a4	user_options->version	0
TOP.5bf45983.000963a4	user_options->workload_profile	2
TOP.5bf45983.000963a4	user_options->brain_client	0
TOP.5bf45983.000963a4	user_options->brain_client_features	3
TOP.5bf45983.000963a4	user_options->brain_server	0
TOP.5bf45983.000963a4	user_options->brain_port	6863
TOP.5bf45983.000963a4	user_options->brain_session	0
TOP.5bf45983.000963a4	hashes->hashfile	.\hash.txt
TOP.5bf45983.000963a4	hashes->hashlist_mode	4
TOP.5bf45983.000963a4	hashes->hashlist_format	0
TOP.5bf45983.000963a4	hashes->hashes_cnt	0
TOP.5bf45983.000963a4	hashes->digests_cnt	1
TOP.5bf45983.000963a4	hashes->digests_done	0
TOP.5bf45983.000963a4	hashes->salts_cnt	1
TOP.5bf45983.000963a4	hashes->salts_done	0
TOP.5bf45983.000963a4	SUB.5bf45989.00012bdb	START
TOP.5bf45983.000963a4	SUB.5bf45989.00012bdb	straight_ctx->dict	.\commets.txt
TOP.5bf45983.000963a4	SUB.5bf45989.00012bdb	runtime_start	1542740361
TOP.5bf45983.000963a4	SUB.5bf45989.00012bdb	runtime_stop	1542740395
TOP.5bf45983.000963a4	SUB.5bf45989.00012bdb	status-after-work	5
TOP.5bf45983.000963a4	SUB.5bf45989.00012bdb	STOP
TOP.5bf45983.000963a4	proc_start	1542740355
TOP.5bf45983.000963a4	proc_stop	1542740397
TOP.5bf45983.000963a4	STOP
TOP.5bf45b49.0008075f	START
TOP.5bf45b49.0008075f	user_options->separator	:
TOP.5bf45b49.0008075f	user_options->encoding_from	utf-8
TOP.5bf45b49.0008075f	user_options->encoding_to	utf-8
TOP.5bf45b49.0008075f	user_options->outfile	output.txt
TOP.5bf45b49.0008075f	user_options->rule_buf_l	:
TOP.5bf45b49.0008075f	user_options->rule_buf_r	:
TOP.5bf45b49.0008075f	user_options->session	hashcat
TOP.5bf45b49.0008075f	user_options->limit	0
TOP.5bf45b49.0008075f	user_options->skip	0
TOP.5bf45b49.0008075f	user_options->attack_mode	0
TOP.5bf45b49.0008075f	user_options->benchmark	0
TOP.5bf45b49.0008075f	user_options->benchmark_all	0
TOP.5bf45b49.0008075f	user_options->bitmap_max	24
TOP.5bf45b49.0008075f	user_options->bitmap_min	16
TOP.5bf45b49.0008075f	user_options->debug_mode	0
TOP.5bf45b49.0008075f	user_options->example_hashes	0
TOP.5bf45b49.0008075f	user_options->force	0
TOP.5bf45b49.0008075f	user_options->gpu_temp_abort	90
TOP.5bf45b49.0008075f	user_options->gpu_temp_disable	0
TOP.5bf45b49.0008075f	user_options->hash_mode	3200
TOP.5bf45b49.0008075f	user_options->hex_charset	0
TOP.5bf45b49.0008075f	user_options->hex_salt	0
TOP.5bf45b49.0008075f	user_options->hex_wordlist	0
TOP.5bf45b49.0008075f	user_options->increment	0
TOP.5bf45b49.0008075f	user_options->increment_max	256
TOP.5bf45b49.0008075f	user_options->increment_min	1
TOP.5bf45b49.0008075f	user_options->keep_guessing	0
TOP.5bf45b49.0008075f	user_options->kernel_accel	0
TOP.5bf45b49.0008075f	user_options->kernel_loops	0
TOP.5bf45b49.0008075f	user_options->keyspace	0
TOP.5bf45b49.0008075f	user_options->left	0
TOP.5bf45b49.0008075f	user_options->logfile_disable	0
TOP.5bf45b49.0008075f	user_options->loopback	0
TOP.5bf45b49.0008075f	user_options->machine_readable	0
TOP.5bf45b49.0008075f	user_options->markov_classic	0
TOP.5bf45b49.0008075f	user_options->markov_disable	0
TOP.5bf45b49.0008075f	user_options->markov_threshold	256
TOP.5bf45b49.0008075f	user_options->nvidia_spin_damp	100
TOP.5bf45b49.0008075f	user_options->opencl_info	0
TOP.5bf45b49.0008075f	user_options->opencl_vector_width	0
TOP.5bf45b49.0008075f	user_options->optimized_kernel_enable	1
TOP.5bf45b49.0008075f	user_options->outfile_autohex	1
TOP.5bf45b49.0008075f	user_options->outfile_check_timer	5
TOP.5bf45b49.0008075f	user_options->outfile_format	3
TOP.5bf45b49.0008075f	user_options->wordlist_autohex_disable	0
TOP.5bf45b49.0008075f	user_options->potfile_disable	0
TOP.5bf45b49.0008075f	user_options->progress_only	0
TOP.5bf45b49.0008075f	user_options->quiet	0
TOP.5bf45b49.0008075f	user_options->remove	0
TOP.5bf45b49.0008075f	user_options->remove_timer	60
TOP.5bf45b49.0008075f	user_options->restore	0
TOP.5bf45b49.0008075f	user_options->restore_disable	0
TOP.5bf45b49.0008075f	user_options->restore_timer	60
TOP.5bf45b49.0008075f	user_options->rp_files_cnt	0
TOP.5bf45b49.0008075f	user_options->rp_gen	0
TOP.5bf45b49.0008075f	user_options->rp_gen_func_max	4
TOP.5bf45b49.0008075f	user_options->rp_gen_func_min	1
TOP.5bf45b49.0008075f	user_options->rp_gen_seed	0
TOP.5bf45b49.0008075f	user_options->runtime	0
TOP.5bf45b49.0008075f	user_options->scrypt_tmto	0
TOP.5bf45b49.0008075f	user_options->segment_size	33554432
TOP.5bf45b49.0008075f	user_options->self_test_disable	0
TOP.5bf45b49.0008075f	user_options->slow_candidates	0
TOP.5bf45b49.0008075f	user_options->show	0
TOP.5bf45b49.0008075f	user_options->speed_only	0
TOP.5bf45b49.0008075f	user_options->status	1
TOP.5bf45b49.0008075f	user_options->status_timer	10
TOP.5bf45b49.0008075f	user_options->stdout_flag	0
TOP.5bf45b49.0008075f	user_options->usage	0
TOP.5bf45b49.0008075f	user_options->username	0
TOP.5bf45b49.0008075f	user_options->veracrypt_pim	0
TOP.5bf45b49.0008075f	user_options->version	0
TOP.5bf45b49.0008075f	user_options->workload_profile	2
TOP.5bf45b49.0008075f	user_options->brain_client	0
TOP.5bf45b49.0008075f	user_options->brain_client_features	3
TOP.5bf45b49.0008075f	user_options->brain_server	0
TOP.5bf45b49.0008075f	user_options->brain_port	6863
TOP.5bf45b49.0008075f	user_options->brain_session	0
TOP.5bf45b49.0008075f	hashes->hashfile	.\hash.txt
TOP.5bf45b49.0008075f	hashes->hashlist_mode	4
TOP.5bf45b49.0008075f	hashes->hashlist_format	0
TOP.5bf45b49.0008075f	hashes->hashes_cnt	0
TOP.5bf45b49.0008075f	hashes->digests_cnt	1
TOP.5bf45b49.0008075f	hashes->digests_done	0
TOP.5bf45b49.0008075f	hashes->salts_cnt	1
TOP.5bf45b49.0008075f	hashes->salts_done	0
TOP.5bf45b49.0008075f	SUB.5bf45b4c.0000e040	START
TOP.5bf45b49.0008075f	SUB.5bf45b4c.0000e040	straight_ctx->dict	.\commets.txt
TOP.5bf45b49.0008075f	SUB.5bf45b4c.0000e040	runtime_start	1542740812
TOP.5bf45b49.0008075f	SUB.5bf45b4c.0000e040	runtime_stop	1542741168
TOP.5bf45b49.0008075f	SUB.5bf45b4c.0000e040	status-after-work	6
TOP.5bf45b49.0008075f	SUB.5bf45b4c.0000e040	STOP
TOP.5bf45b49.0008075f	proc_start	1542740809
TOP.5bf45b49.0008075f	proc_stop	1542741170
TOP.5bf45b49.0008075f	STOP
